<?xml version="1.0" encoding="UTF-8"?>
<!-- Generated by org.testng.reporters.JUnitXMLReporter -->
<testsuite hostname="mom-PC" ignored="0" name="Default test" tests="240" failures="0" timestamp="15 Aug 2017 01:30:30 GMT" time="46.116" errors="0">
  <testcase name="TaskCheckForLowerAndUpperCase" time="0.715" classname="com.automation.testScripts.OtherTestCases"/>
  <testcase name="TaskCheckForLowerAndUpperCase" time="0.373" classname="com.automation.testScripts.OtherTestCases"/>
  <testcase name="TaskCheckForLowerAndUpperCase" time="0.003" classname="com.automation.testScripts.OtherTestCases"/>
  <testcase name="TaskCheckForLowerAndUpperCase" time="0.003" classname="com.automation.testScripts.OtherTestCases"/>
  <testcase name="TaskCheckForLowerAndUpperCase" time="0.003" classname="com.automation.testScripts.OtherTestCases"/>
  <testcase name="TaskCheckForLowerAndUpperCase" time="0.002" classname="com.automation.testScripts.OtherTestCases"/>
  <testcase name="TaskCheckForLowerAndUpperCase" time="0.003" classname="com.automation.testScripts.OtherTestCases"/>
  <testcase name="TaskCheckForLowerAndUpperCase" time="0.002" classname="com.automation.testScripts.OtherTestCases"/>
  <testcase name="TaskCheckForLowerAndUpperCase" time="0.002" classname="com.automation.testScripts.OtherTestCases"/>
  <testcase name="TaskCheckForLowerAndUpperCase" time="0.003" classname="com.automation.testScripts.OtherTestCases"/>
  <testcase name="TaskCheckForLowerAndUpperCase" time="0.005" classname="com.automation.testScripts.OtherTestCases"/>
  <testcase name="TaskCheckForLowerAndUpperCase" time="0.003" classname="com.automation.testScripts.OtherTestCases"/>
  <testcase name="TaskCheckForLowerAndUpperCase" time="0.003" classname="com.automation.testScripts.OtherTestCases"/>
  <testcase name="TaskCheckForLowerAndUpperCase" time="0.003" classname="com.automation.testScripts.OtherTestCases"/>
  <testcase name="TaskCheckForLowerAndUpperCase" time="0.003" classname="com.automation.testScripts.OtherTestCases"/>
  <testcase name="TaskCheckForLowerAndUpperCase" time="0.004" classname="com.automation.testScripts.OtherTestCases"/>
  <testcase name="TaskCheckForLowerAndUpperCase" time="0.003" classname="com.automation.testScripts.OtherTestCases"/>
  <testcase name="TaskCheckForLowerAndUpperCase" time="0.002" classname="com.automation.testScripts.OtherTestCases"/>
  <testcase name="TaskCheckForLowerAndUpperCase" time="0.002" classname="com.automation.testScripts.OtherTestCases"/>
  <testcase name="TaskCheckForLowerAndUpperCase" time="0.003" classname="com.automation.testScripts.OtherTestCases"/>
  <testcase name="TaskCheckForLowerAndUpperCase" time="0.003" classname="com.automation.testScripts.OtherTestCases"/>
  <testcase name="TaskCheckForLowerAndUpperCase" time="0.005" classname="com.automation.testScripts.OtherTestCases"/>
  <testcase name="TaskCheckForLowerAndUpperCase" time="0.002" classname="com.automation.testScripts.OtherTestCases"/>
  <testcase name="TaskCheckForLowerAndUpperCase" time="0.002" classname="com.automation.testScripts.OtherTestCases"/>
  <testcase name="TaskCheckForLowerAndUpperCase" time="0.005" classname="com.automation.testScripts.OtherTestCases"/>
  <testcase name="TaskCheckForLowerAndUpperCase" time="0.003" classname="com.automation.testScripts.OtherTestCases"/>
  <testcase name="TaskCheckForLowerAndUpperCase" time="0.002" classname="com.automation.testScripts.OtherTestCases"/>
  <testcase name="TaskCheckForLowerAndUpperCase" time="0.002" classname="com.automation.testScripts.OtherTestCases"/>
  <testcase name="TaskCheckForLowerAndUpperCase" time="0.002" classname="com.automation.testScripts.OtherTestCases"/>
  <testcase name="TaskCheckForLowerAndUpperCase" time="0.003" classname="com.automation.testScripts.OtherTestCases"/>
  <testcase name="TaskCheckForLowerAndUpperCase" time="0.002" classname="com.automation.testScripts.OtherTestCases"/>
  <testcase name="TaskCheckForLowerAndUpperCase" time="0.002" classname="com.automation.testScripts.OtherTestCases"/>
  <testcase name="TaskCheckForLowerAndUpperCase" time="0.002" classname="com.automation.testScripts.OtherTestCases"/>
  <testcase name="TaskCheckForLowerAndUpperCase" time="0.002" classname="com.automation.testScripts.OtherTestCases"/>
  <testcase name="TaskCheckForLowerAndUpperCase" time="0.001" classname="com.automation.testScripts.OtherTestCases"/>
  <testcase name="TaskCheckForLowerAndUpperCase" time="0.003" classname="com.automation.testScripts.OtherTestCases"/>
  <testcase name="TaskCheckForLowerAndUpperCase" time="0.001" classname="com.automation.testScripts.OtherTestCases"/>
  <testcase name="TaskCheckForLowerAndUpperCase" time="0.003" classname="com.automation.testScripts.OtherTestCases"/>
  <testcase name="TaskCheckForLowerAndUpperCase" time="0.002" classname="com.automation.testScripts.OtherTestCases"/>
  <testcase name="TaskCheckForLowerAndUpperCase" time="0.003" classname="com.automation.testScripts.OtherTestCases"/>
  <testcase name="TaskCheckForLowerAndUpperCase" time="0.002" classname="com.automation.testScripts.OtherTestCases"/>
  <testcase name="TaskCheckForLowerAndUpperCase" time="0.001" classname="com.automation.testScripts.OtherTestCases"/>
  <testcase name="TaskCheckForLowerAndUpperCase" time="0.001" classname="com.automation.testScripts.OtherTestCases"/>
  <testcase name="TaskCheckForLowerAndUpperCase" time="0.003" classname="com.automation.testScripts.OtherTestCases"/>
  <testcase name="TaskCheckForLowerAndUpperCase" time="0.001" classname="com.automation.testScripts.OtherTestCases"/>
  <testcase name="TaskCheckForLowerAndUpperCase" time="0.002" classname="com.automation.testScripts.OtherTestCases"/>
  <testcase name="TaskCheckForLowerAndUpperCase" time="0.002" classname="com.automation.testScripts.OtherTestCases"/>
  <testcase name="TaskCheckForLowerAndUpperCase" time="0.001" classname="com.automation.testScripts.OtherTestCases"/>
  <testcase name="TaskCheckForAlphaNumericCharacters" time="0.001" classname="com.automation.testScripts.OtherTestCases"/>
  <testcase name="TaskCheckForAlphaNumericCharacters" time="0.001" classname="com.automation.testScripts.OtherTestCases"/>
  <testcase name="TaskCheckForAlphaNumericCharacters" time="0.468" classname="com.automation.testScripts.OtherTestCases"/>
  <testcase name="TaskCheckForAlphaNumericCharacters" time="0.002" classname="com.automation.testScripts.OtherTestCases"/>
  <testcase name="TaskCheckForAlphaNumericCharacters" time="0.001" classname="com.automation.testScripts.OtherTestCases"/>
  <testcase name="TaskCheckForAlphaNumericCharacters" time="0.006" classname="com.automation.testScripts.OtherTestCases"/>
  <testcase name="TaskCheckForAlphaNumericCharacters" time="0.001" classname="com.automation.testScripts.OtherTestCases"/>
  <testcase name="TaskCheckForAlphaNumericCharacters" time="0.001" classname="com.automation.testScripts.OtherTestCases"/>
  <testcase name="TaskCheckForAlphaNumericCharacters" time="0.001" classname="com.automation.testScripts.OtherTestCases"/>
  <testcase name="TaskCheckForAlphaNumericCharacters" time="0.002" classname="com.automation.testScripts.OtherTestCases"/>
  <testcase name="TaskCheckForAlphaNumericCharacters" time="0.001" classname="com.automation.testScripts.OtherTestCases"/>
  <testcase name="TaskCheckForAlphaNumericCharacters" time="0.001" classname="com.automation.testScripts.OtherTestCases"/>
  <testcase name="TaskCheckForAlphaNumericCharacters" time="0.001" classname="com.automation.testScripts.OtherTestCases"/>
  <testcase name="TaskCheckForAlphaNumericCharacters" time="0.001" classname="com.automation.testScripts.OtherTestCases"/>
  <testcase name="TaskCheckForAlphaNumericCharacters" time="0.001" classname="com.automation.testScripts.OtherTestCases"/>
  <testcase name="TaskCheckForAlphaNumericCharacters" time="0.002" classname="com.automation.testScripts.OtherTestCases"/>
  <testcase name="TaskCheckForAlphaNumericCharacters" time="0.002" classname="com.automation.testScripts.OtherTestCases"/>
  <testcase name="TaskCheckForAlphaNumericCharacters" time="0.001" classname="com.automation.testScripts.OtherTestCases"/>
  <testcase name="TaskCheckForAlphaNumericCharacters" time="0.001" classname="com.automation.testScripts.OtherTestCases"/>
  <testcase name="TaskCheckForAlphaNumericCharacters" time="0.002" classname="com.automation.testScripts.OtherTestCases"/>
  <testcase name="TaskCheckForAlphaNumericCharacters" time="0.001" classname="com.automation.testScripts.OtherTestCases"/>
  <testcase name="TaskCheckForAlphaNumericCharacters" time="0.001" classname="com.automation.testScripts.OtherTestCases"/>
  <testcase name="TaskCheckForAlphaNumericCharacters" time="0.001" classname="com.automation.testScripts.OtherTestCases"/>
  <testcase name="TaskCheckForAlphaNumericCharacters" time="0.001" classname="com.automation.testScripts.OtherTestCases"/>
  <testcase name="TaskCheckForAlphaNumericCharacters" time="0.001" classname="com.automation.testScripts.OtherTestCases"/>
  <testcase name="TaskCheckForAlphaNumericCharacters" time="0.002" classname="com.automation.testScripts.OtherTestCases"/>
  <testcase name="TaskCheckForAlphaNumericCharacters" time="0.001" classname="com.automation.testScripts.OtherTestCases"/>
  <testcase name="TaskCheckForAlphaNumericCharacters" time="0.001" classname="com.automation.testScripts.OtherTestCases"/>
  <testcase name="TaskCheckForAlphaNumericCharacters" time="0.001" classname="com.automation.testScripts.OtherTestCases"/>
  <testcase name="TaskCheckForAlphaNumericCharacters" time="0.001" classname="com.automation.testScripts.OtherTestCases"/>
  <testcase name="TaskCheckForAlphaNumericCharacters" time="0.002" classname="com.automation.testScripts.OtherTestCases"/>
  <testcase name="TaskCheckForAlphaNumericCharacters" time="0.001" classname="com.automation.testScripts.OtherTestCases"/>
  <testcase name="TaskCheckForAlphaNumericCharacters" time="0.001" classname="com.automation.testScripts.OtherTestCases"/>
  <testcase name="TaskCheckForAlphaNumericCharacters" time="0.001" classname="com.automation.testScripts.OtherTestCases"/>
  <testcase name="TaskCheckForAlphaNumericCharacters" time="0.023" classname="com.automation.testScripts.OtherTestCases"/>
  <testcase name="TaskCheckForAlphaNumericCharacters" time="0.001" classname="com.automation.testScripts.OtherTestCases"/>
  <testcase name="TaskCheckForAlphaNumericCharacters" time="0.007" classname="com.automation.testScripts.OtherTestCases"/>
  <testcase name="TaskCheckForAlphaNumericCharacters" time="0.001" classname="com.automation.testScripts.OtherTestCases"/>
  <testcase name="TaskCheckForAlphaNumericCharacters" time="0.002" classname="com.automation.testScripts.OtherTestCases"/>
  <testcase name="TaskCheckForAlphaNumericCharacters" time="0.001" classname="com.automation.testScripts.OtherTestCases"/>
  <testcase name="TaskCheckForAlphaNumericCharacters" time="0.001" classname="com.automation.testScripts.OtherTestCases"/>
  <testcase name="TaskCheckForAlphaNumericCharacters" time="0.001" classname="com.automation.testScripts.OtherTestCases"/>
  <testcase name="TaskCheckForAlphaNumericCharacters" time="0.001" classname="com.automation.testScripts.OtherTestCases"/>
  <testcase name="TaskCheckForAlphaNumericCharacters" time="0.001" classname="com.automation.testScripts.OtherTestCases"/>
  <testcase name="TaskCheckForAlphaNumericCharacters" time="0.0" classname="com.automation.testScripts.OtherTestCases"/>
  <testcase name="TaskCheckForAlphaNumericCharacters" time="0.0" classname="com.automation.testScripts.OtherTestCases"/>
  <testcase name="TaskCheckForAlphaNumericCharacters" time="0.001" classname="com.automation.testScripts.OtherTestCases"/>
  <testcase name="TaskCheckForAlphaNumericCharacters" time="0.0" classname="com.automation.testScripts.OtherTestCases"/>
  <testcase name="TaskCheckForSymbols" time="0.002" classname="com.automation.testScripts.OtherTestCases"/>
  <testcase name="TaskCheckForSymbols" time="0.001" classname="com.automation.testScripts.OtherTestCases"/>
  <testcase name="TaskCheckForSymbols" time="0.001" classname="com.automation.testScripts.OtherTestCases"/>
  <testcase name="TaskCheckForSymbols" time="0.744" classname="com.automation.testScripts.OtherTestCases"/>
  <testcase name="TaskCheckForSymbols" time="0.001" classname="com.automation.testScripts.OtherTestCases"/>
  <testcase name="TaskCheckForSymbols" time="0.001" classname="com.automation.testScripts.OtherTestCases"/>
  <testcase name="TaskCheckForSymbols" time="0.001" classname="com.automation.testScripts.OtherTestCases"/>
  <testcase name="TaskCheckForSymbols" time="0.001" classname="com.automation.testScripts.OtherTestCases"/>
  <testcase name="TaskCheckForSymbols" time="0.001" classname="com.automation.testScripts.OtherTestCases"/>
  <testcase name="TaskCheckForSymbols" time="0.0" classname="com.automation.testScripts.OtherTestCases"/>
  <testcase name="TaskCheckForSymbols" time="0.001" classname="com.automation.testScripts.OtherTestCases"/>
  <testcase name="TaskCheckForSymbols" time="0.001" classname="com.automation.testScripts.OtherTestCases"/>
  <testcase name="TaskCheckForSymbols" time="0.001" classname="com.automation.testScripts.OtherTestCases"/>
  <testcase name="TaskCheckForSymbols" time="0.0" classname="com.automation.testScripts.OtherTestCases"/>
  <testcase name="TaskCheckForSymbols" time="0.002" classname="com.automation.testScripts.OtherTestCases"/>
  <testcase name="TaskCheckForSymbols" time="0.01" classname="com.automation.testScripts.OtherTestCases"/>
  <testcase name="TaskCheckForSymbols" time="0.001" classname="com.automation.testScripts.OtherTestCases"/>
  <testcase name="TaskCheckForSymbols" time="0.0" classname="com.automation.testScripts.OtherTestCases"/>
  <testcase name="TaskCheckForSymbols" time="0.001" classname="com.automation.testScripts.OtherTestCases"/>
  <testcase name="TaskCheckForSymbols" time="0.001" classname="com.automation.testScripts.OtherTestCases"/>
  <testcase name="TaskCheckForSymbols" time="0.001" classname="com.automation.testScripts.OtherTestCases"/>
  <testcase name="TaskCheckForSymbols" time="0.001" classname="com.automation.testScripts.OtherTestCases"/>
  <testcase name="TaskCheckForSymbols" time="0.001" classname="com.automation.testScripts.OtherTestCases"/>
  <testcase name="TaskCheckForSymbols" time="0.001" classname="com.automation.testScripts.OtherTestCases"/>
  <testcase name="TaskCheckForSymbols" time="0.001" classname="com.automation.testScripts.OtherTestCases"/>
  <testcase name="TaskCheckForSymbols" time="0.003" classname="com.automation.testScripts.OtherTestCases"/>
  <testcase name="TaskCheckForSymbols" time="0.001" classname="com.automation.testScripts.OtherTestCases"/>
  <testcase name="TaskCheckForSymbols" time="0.001" classname="com.automation.testScripts.OtherTestCases"/>
  <testcase name="TaskCheckForSymbols" time="0.001" classname="com.automation.testScripts.OtherTestCases"/>
  <testcase name="TaskCheckForSymbols" time="0.001" classname="com.automation.testScripts.OtherTestCases"/>
  <testcase name="TaskCheckForSymbols" time="0.001" classname="com.automation.testScripts.OtherTestCases"/>
  <testcase name="TaskCheckForSymbols" time="0.019" classname="com.automation.testScripts.OtherTestCases"/>
  <testcase name="TaskCheckForSymbols" time="0.0" classname="com.automation.testScripts.OtherTestCases"/>
  <testcase name="TaskCheckForSymbols" time="0.001" classname="com.automation.testScripts.OtherTestCases"/>
  <testcase name="TaskCheckForSymbols" time="0.001" classname="com.automation.testScripts.OtherTestCases"/>
  <testcase name="TaskCheckForSymbols" time="0.001" classname="com.automation.testScripts.OtherTestCases"/>
  <testcase name="TaskCheckForSymbols" time="0.001" classname="com.automation.testScripts.OtherTestCases"/>
  <testcase name="TaskCheckForSymbols" time="0.001" classname="com.automation.testScripts.OtherTestCases"/>
  <testcase name="TaskCheckForSymbols" time="0.001" classname="com.automation.testScripts.OtherTestCases"/>
  <testcase name="TaskCheckForSymbols" time="0.001" classname="com.automation.testScripts.OtherTestCases"/>
  <testcase name="TaskCheckForSymbols" time="0.0" classname="com.automation.testScripts.OtherTestCases"/>
  <testcase name="TaskCheckForSymbols" time="0.001" classname="com.automation.testScripts.OtherTestCases"/>
  <testcase name="TaskCheckForSymbols" time="0.001" classname="com.automation.testScripts.OtherTestCases"/>
  <testcase name="TaskCheckForSymbols" time="0.002" classname="com.automation.testScripts.OtherTestCases"/>
  <testcase name="TaskCheckForSymbols" time="0.012" classname="com.automation.testScripts.OtherTestCases"/>
  <testcase name="TaskCheckForSymbols" time="0.001" classname="com.automation.testScripts.OtherTestCases"/>
  <testcase name="TaskCheckForSymbols" time="0.001" classname="com.automation.testScripts.OtherTestCases"/>
  <testcase name="TaskCheckForSymbols" time="0.001" classname="com.automation.testScripts.OtherTestCases"/>
  <testcase name="CheckForLengthyTask" time="0.001" classname="com.automation.testScripts.OtherTestCases"/>
  <testcase name="CheckForLengthyTask" time="0.0" classname="com.automation.testScripts.OtherTestCases"/>
  <testcase name="CheckForLengthyTask" time="0.001" classname="com.automation.testScripts.OtherTestCases"/>
  <testcase name="CheckForLengthyTask" time="0.001" classname="com.automation.testScripts.OtherTestCases"/>
  <testcase name="CheckForLengthyTask" time="12.945" classname="com.automation.testScripts.OtherTestCases"/>
  <testcase name="CheckForLengthyTask" time="0.0" classname="com.automation.testScripts.OtherTestCases"/>
  <testcase name="CheckForLengthyTask" time="0.001" classname="com.automation.testScripts.OtherTestCases"/>
  <testcase name="CheckForLengthyTask" time="0.0" classname="com.automation.testScripts.OtherTestCases"/>
  <testcase name="CheckForLengthyTask" time="0.001" classname="com.automation.testScripts.OtherTestCases"/>
  <testcase name="CheckForLengthyTask" time="0.001" classname="com.automation.testScripts.OtherTestCases"/>
  <testcase name="CheckForLengthyTask" time="0.001" classname="com.automation.testScripts.OtherTestCases"/>
  <testcase name="CheckForLengthyTask" time="0.001" classname="com.automation.testScripts.OtherTestCases"/>
  <testcase name="CheckForLengthyTask" time="0.001" classname="com.automation.testScripts.OtherTestCases"/>
  <testcase name="CheckForLengthyTask" time="0.001" classname="com.automation.testScripts.OtherTestCases"/>
  <testcase name="CheckForLengthyTask" time="0.001" classname="com.automation.testScripts.OtherTestCases"/>
  <testcase name="CheckForLengthyTask" time="0.003" classname="com.automation.testScripts.OtherTestCases"/>
  <testcase name="CheckForLengthyTask" time="0.001" classname="com.automation.testScripts.OtherTestCases"/>
  <testcase name="CheckForLengthyTask" time="0.001" classname="com.automation.testScripts.OtherTestCases"/>
  <testcase name="CheckForLengthyTask" time="0.002" classname="com.automation.testScripts.OtherTestCases"/>
  <testcase name="CheckForLengthyTask" time="0.001" classname="com.automation.testScripts.OtherTestCases"/>
  <testcase name="CheckForLengthyTask" time="0.001" classname="com.automation.testScripts.OtherTestCases"/>
  <testcase name="CheckForLengthyTask" time="0.001" classname="com.automation.testScripts.OtherTestCases"/>
  <testcase name="CheckForLengthyTask" time="0.001" classname="com.automation.testScripts.OtherTestCases"/>
  <testcase name="CheckForLengthyTask" time="0.001" classname="com.automation.testScripts.OtherTestCases"/>
  <testcase name="CheckForLengthyTask" time="0.001" classname="com.automation.testScripts.OtherTestCases"/>
  <testcase name="CheckForLengthyTask" time="0.001" classname="com.automation.testScripts.OtherTestCases"/>
  <testcase name="CheckForLengthyTask" time="0.001" classname="com.automation.testScripts.OtherTestCases"/>
  <testcase name="CheckForLengthyTask" time="0.001" classname="com.automation.testScripts.OtherTestCases"/>
  <testcase name="CheckForLengthyTask" time="0.001" classname="com.automation.testScripts.OtherTestCases"/>
  <testcase name="CheckForLengthyTask" time="0.001" classname="com.automation.testScripts.OtherTestCases"/>
  <testcase name="CheckForLengthyTask" time="0.001" classname="com.automation.testScripts.OtherTestCases"/>
  <testcase name="CheckForLengthyTask" time="0.001" classname="com.automation.testScripts.OtherTestCases"/>
  <testcase name="CheckForLengthyTask" time="0.001" classname="com.automation.testScripts.OtherTestCases"/>
  <testcase name="CheckForLengthyTask" time="0.0" classname="com.automation.testScripts.OtherTestCases"/>
  <testcase name="CheckForLengthyTask" time="0.001" classname="com.automation.testScripts.OtherTestCases"/>
  <testcase name="CheckForLengthyTask" time="0.001" classname="com.automation.testScripts.OtherTestCases"/>
  <testcase name="CheckForLengthyTask" time="0.001" classname="com.automation.testScripts.OtherTestCases"/>
  <testcase name="CheckForLengthyTask" time="0.001" classname="com.automation.testScripts.OtherTestCases"/>
  <testcase name="CheckForLengthyTask" time="0.001" classname="com.automation.testScripts.OtherTestCases"/>
  <testcase name="CheckForLengthyTask" time="0.001" classname="com.automation.testScripts.OtherTestCases"/>
  <testcase name="CheckForLengthyTask" time="0.001" classname="com.automation.testScripts.OtherTestCases"/>
  <testcase name="CheckForLengthyTask" time="0.001" classname="com.automation.testScripts.OtherTestCases"/>
  <testcase name="CheckForLengthyTask" time="0.001" classname="com.automation.testScripts.OtherTestCases"/>
  <testcase name="CheckForLengthyTask" time="0.001" classname="com.automation.testScripts.OtherTestCases"/>
  <testcase name="CheckForLengthyTask" time="0.001" classname="com.automation.testScripts.OtherTestCases"/>
  <testcase name="CheckForLengthyTask" time="0.001" classname="com.automation.testScripts.OtherTestCases"/>
  <testcase name="CheckForLengthyTask" time="0.001" classname="com.automation.testScripts.OtherTestCases"/>
  <testcase name="CheckForLengthyTask" time="0.019" classname="com.automation.testScripts.OtherTestCases"/>
  <testcase name="EnterMoreThanFiftyTasks" time="0.002" classname="com.automation.testScripts.OtherTestCases"/>
  <testcase name="EnterMoreThanFiftyTasks" time="0.001" classname="com.automation.testScripts.OtherTestCases"/>
  <testcase name="EnterMoreThanFiftyTasks" time="0.002" classname="com.automation.testScripts.OtherTestCases"/>
  <testcase name="EnterMoreThanFiftyTasks" time="0.001" classname="com.automation.testScripts.OtherTestCases"/>
  <testcase name="EnterMoreThanFiftyTasks" time="0.002" classname="com.automation.testScripts.OtherTestCases"/>
  <testcase name="EnterMoreThanFiftyTasks" time="0.637" classname="com.automation.testScripts.OtherTestCases"/>
  <testcase name="EnterMoreThanFiftyTasks" time="0.435" classname="com.automation.testScripts.OtherTestCases"/>
  <testcase name="EnterMoreThanFiftyTasks" time="0.434" classname="com.automation.testScripts.OtherTestCases"/>
  <testcase name="EnterMoreThanFiftyTasks" time="0.448" classname="com.automation.testScripts.OtherTestCases"/>
  <testcase name="EnterMoreThanFiftyTasks" time="0.444" classname="com.automation.testScripts.OtherTestCases"/>
  <testcase name="EnterMoreThanFiftyTasks" time="0.457" classname="com.automation.testScripts.OtherTestCases"/>
  <testcase name="EnterMoreThanFiftyTasks" time="0.435" classname="com.automation.testScripts.OtherTestCases"/>
  <testcase name="EnterMoreThanFiftyTasks" time="0.417" classname="com.automation.testScripts.OtherTestCases"/>
  <testcase name="EnterMoreThanFiftyTasks" time="0.422" classname="com.automation.testScripts.OtherTestCases"/>
  <testcase name="EnterMoreThanFiftyTasks" time="0.427" classname="com.automation.testScripts.OtherTestCases"/>
  <testcase name="EnterMoreThanFiftyTasks" time="0.519" classname="com.automation.testScripts.OtherTestCases"/>
  <testcase name="EnterMoreThanFiftyTasks" time="0.515" classname="com.automation.testScripts.OtherTestCases"/>
  <testcase name="EnterMoreThanFiftyTasks" time="0.462" classname="com.automation.testScripts.OtherTestCases"/>
  <testcase name="EnterMoreThanFiftyTasks" time="0.412" classname="com.automation.testScripts.OtherTestCases"/>
  <testcase name="EnterMoreThanFiftyTasks" time="0.481" classname="com.automation.testScripts.OtherTestCases"/>
  <testcase name="EnterMoreThanFiftyTasks" time="0.532" classname="com.automation.testScripts.OtherTestCases"/>
  <testcase name="EnterMoreThanFiftyTasks" time="0.497" classname="com.automation.testScripts.OtherTestCases"/>
  <testcase name="EnterMoreThanFiftyTasks" time="0.536" classname="com.automation.testScripts.OtherTestCases"/>
  <testcase name="EnterMoreThanFiftyTasks" time="0.397" classname="com.automation.testScripts.OtherTestCases"/>
  <testcase name="EnterMoreThanFiftyTasks" time="0.427" classname="com.automation.testScripts.OtherTestCases"/>
  <testcase name="EnterMoreThanFiftyTasks" time="0.42" classname="com.automation.testScripts.OtherTestCases"/>
  <testcase name="EnterMoreThanFiftyTasks" time="0.406" classname="com.automation.testScripts.OtherTestCases"/>
  <testcase name="EnterMoreThanFiftyTasks" time="0.432" classname="com.automation.testScripts.OtherTestCases"/>
  <testcase name="EnterMoreThanFiftyTasks" time="0.421" classname="com.automation.testScripts.OtherTestCases"/>
  <testcase name="EnterMoreThanFiftyTasks" time="0.45" classname="com.automation.testScripts.OtherTestCases"/>
  <testcase name="EnterMoreThanFiftyTasks" time="0.415" classname="com.automation.testScripts.OtherTestCases"/>
  <testcase name="EnterMoreThanFiftyTasks" time="0.427" classname="com.automation.testScripts.OtherTestCases"/>
  <testcase name="EnterMoreThanFiftyTasks" time="0.452" classname="com.automation.testScripts.OtherTestCases"/>
  <testcase name="EnterMoreThanFiftyTasks" time="0.454" classname="com.automation.testScripts.OtherTestCases"/>
  <testcase name="EnterMoreThanFiftyTasks" time="0.437" classname="com.automation.testScripts.OtherTestCases"/>
  <testcase name="EnterMoreThanFiftyTasks" time="0.406" classname="com.automation.testScripts.OtherTestCases"/>
  <testcase name="EnterMoreThanFiftyTasks" time="0.523" classname="com.automation.testScripts.OtherTestCases"/>
  <testcase name="EnterMoreThanFiftyTasks" time="0.538" classname="com.automation.testScripts.OtherTestCases"/>
  <testcase name="EnterMoreThanFiftyTasks" time="0.494" classname="com.automation.testScripts.OtherTestCases"/>
  <testcase name="EnterMoreThanFiftyTasks" time="0.484" classname="com.automation.testScripts.OtherTestCases"/>
  <testcase name="EnterMoreThanFiftyTasks" time="0.524" classname="com.automation.testScripts.OtherTestCases"/>
  <testcase name="EnterMoreThanFiftyTasks" time="0.547" classname="com.automation.testScripts.OtherTestCases"/>
  <testcase name="EnterMoreThanFiftyTasks" time="0.397" classname="com.automation.testScripts.OtherTestCases"/>
  <testcase name="EnterMoreThanFiftyTasks" time="0.435" classname="com.automation.testScripts.OtherTestCases"/>
  <testcase name="EnterMoreThanFiftyTasks" time="0.421" classname="com.automation.testScripts.OtherTestCases"/>
  <testcase name="EnterMoreThanFiftyTasks" time="0.418" classname="com.automation.testScripts.OtherTestCases"/>
  <testcase name="EnterMoreThanFiftyTasks" time="0.412" classname="com.automation.testScripts.OtherTestCases"/>
  <testcase name="EnterMoreThanFiftyTasks" time="0.414" classname="com.automation.testScripts.OtherTestCases"/>
</testsuite> <!-- Default test -->
