<?xml version="1.0" encoding="UTF-8"?>
<!-- Generated by org.testng.reporters.JUnitXMLReporter -->
<testsuite hostname="mom-PC" ignored="0" name="Test" tests="141" failures="0" timestamp="15 Aug 2017 01:09:32 GMT" time="104.059" errors="0">
  <testcase name="EnterSingleTask" time="1.241" classname="com.automation.testScripts.PositiveTestCases"/>
  <testcase name="EnterSingleTask" time="0.004" classname="com.automation.testScripts.PositiveTestCases"/>
  <testcase name="EnterSingleTask" time="0.003" classname="com.automation.testScripts.PositiveTestCases"/>
  <testcase name="EnterSingleTask" time="0.004" classname="com.automation.testScripts.PositiveTestCases"/>
  <testcase name="EnterSingleTask" time="0.004" classname="com.automation.testScripts.PositiveTestCases"/>
  <testcase name="EnterSingleTask" time="0.004" classname="com.automation.testScripts.PositiveTestCases"/>
  <testcase name="EnterSingleTask" time="0.004" classname="com.automation.testScripts.PositiveTestCases"/>
  <testcase name="EnterSingleTask" time="0.004" classname="com.automation.testScripts.PositiveTestCases"/>
  <testcase name="EnterSingleTask" time="0.006" classname="com.automation.testScripts.PositiveTestCases"/>
  <testcase name="EnterSingleTask" time="0.007" classname="com.automation.testScripts.PositiveTestCases"/>
  <testcase name="EnterSingleTask" time="0.003" classname="com.automation.testScripts.PositiveTestCases"/>
  <testcase name="EnterSingleTask" time="0.003" classname="com.automation.testScripts.PositiveTestCases"/>
  <testcase name="EnterSingleTask" time="0.003" classname="com.automation.testScripts.PositiveTestCases"/>
  <testcase name="TaskCheckForLowerAndUpperCase" time="1.394" classname="com.automation.testScripts.OtherTestCases"/>
  <testcase name="TaskCheckForLowerAndUpperCase" time="0.439" classname="com.automation.testScripts.OtherTestCases"/>
  <testcase name="TaskCheckForLowerAndUpperCase" time="0.002" classname="com.automation.testScripts.OtherTestCases"/>
  <testcase name="TaskCheckForLowerAndUpperCase" time="0.002" classname="com.automation.testScripts.OtherTestCases"/>
  <testcase name="TaskCheckForLowerAndUpperCase" time="0.002" classname="com.automation.testScripts.OtherTestCases"/>
  <testcase name="TaskCheckForLowerAndUpperCase" time="0.002" classname="com.automation.testScripts.OtherTestCases"/>
  <testcase name="TaskCheckForLowerAndUpperCase" time="0.002" classname="com.automation.testScripts.OtherTestCases"/>
  <testcase name="TaskCheckForLowerAndUpperCase" time="0.001" classname="com.automation.testScripts.OtherTestCases"/>
  <testcase name="TaskCheckForLowerAndUpperCase" time="0.002" classname="com.automation.testScripts.OtherTestCases"/>
  <testcase name="TaskCheckForLowerAndUpperCase" time="0.002" classname="com.automation.testScripts.OtherTestCases"/>
  <testcase name="TaskCheckForLowerAndUpperCase" time="0.002" classname="com.automation.testScripts.OtherTestCases"/>
  <testcase name="TaskCheckForLowerAndUpperCase" time="0.002" classname="com.automation.testScripts.OtherTestCases"/>
  <testcase name="TaskCheckForLowerAndUpperCase" time="0.002" classname="com.automation.testScripts.OtherTestCases"/>
  <testcase name="TaskCheckForLowerAndUpperCase" time="0.002" classname="com.automation.testScripts.OtherTestCases"/>
  <testcase name="TaskCheckForLowerAndUpperCase" time="0.002" classname="com.automation.testScripts.OtherTestCases"/>
  <testcase name="EnterMultipleTasks" time="0.003" classname="com.automation.testScripts.PositiveTestCases"/>
  <testcase name="EnterMultipleTasks" time="0.704" classname="com.automation.testScripts.PositiveTestCases"/>
  <testcase name="EnterMultipleTasks" time="0.48" classname="com.automation.testScripts.PositiveTestCases"/>
  <testcase name="EnterMultipleTasks" time="0.413" classname="com.automation.testScripts.PositiveTestCases"/>
  <testcase name="EnterMultipleTasks" time="0.409" classname="com.automation.testScripts.PositiveTestCases"/>
  <testcase name="EnterMultipleTasks" time="0.591" classname="com.automation.testScripts.PositiveTestCases"/>
  <testcase name="EnterMultipleTasks" time="0.002" classname="com.automation.testScripts.PositiveTestCases"/>
  <testcase name="EnterMultipleTasks" time="0.002" classname="com.automation.testScripts.PositiveTestCases"/>
  <testcase name="EnterMultipleTasks" time="0.002" classname="com.automation.testScripts.PositiveTestCases"/>
  <testcase name="EnterMultipleTasks" time="0.003" classname="com.automation.testScripts.PositiveTestCases"/>
  <testcase name="EnterMultipleTasks" time="0.001" classname="com.automation.testScripts.PositiveTestCases"/>
  <testcase name="EnterMultipleTasks" time="0.002" classname="com.automation.testScripts.PositiveTestCases"/>
  <testcase name="EnterMultipleTasks" time="0.002" classname="com.automation.testScripts.PositiveTestCases"/>
  <testcase name="TaskCheckForAlphaNumericCharacters" time="0.004" classname="com.automation.testScripts.OtherTestCases"/>
  <testcase name="TaskCheckForAlphaNumericCharacters" time="0.002" classname="com.automation.testScripts.OtherTestCases"/>
  <testcase name="TaskCheckForAlphaNumericCharacters" time="0.634" classname="com.automation.testScripts.OtherTestCases"/>
  <testcase name="TaskCheckForAlphaNumericCharacters" time="0.009" classname="com.automation.testScripts.OtherTestCases"/>
  <testcase name="TaskCheckForAlphaNumericCharacters" time="0.002" classname="com.automation.testScripts.OtherTestCases"/>
  <testcase name="TaskCheckForAlphaNumericCharacters" time="0.003" classname="com.automation.testScripts.OtherTestCases"/>
  <testcase name="TaskCheckForAlphaNumericCharacters" time="0.004" classname="com.automation.testScripts.OtherTestCases"/>
  <testcase name="TaskCheckForAlphaNumericCharacters" time="0.002" classname="com.automation.testScripts.OtherTestCases"/>
  <testcase name="TaskCheckForAlphaNumericCharacters" time="0.002" classname="com.automation.testScripts.OtherTestCases"/>
  <testcase name="TaskCheckForAlphaNumericCharacters" time="0.002" classname="com.automation.testScripts.OtherTestCases"/>
  <testcase name="TaskCheckForAlphaNumericCharacters" time="0.002" classname="com.automation.testScripts.OtherTestCases"/>
  <testcase name="TaskCheckForAlphaNumericCharacters" time="0.015" classname="com.automation.testScripts.OtherTestCases"/>
  <testcase name="TaskCheckForAlphaNumericCharacters" time="0.002" classname="com.automation.testScripts.OtherTestCases"/>
  <testcase name="TaskCheckForAlphaNumericCharacters" time="0.003" classname="com.automation.testScripts.OtherTestCases"/>
  <testcase name="TaskCheckForAlphaNumericCharacters" time="0.002" classname="com.automation.testScripts.OtherTestCases"/>
  <testcase name="DeleteDuplicateTsks" time="0.716" classname="com.automation.testScripts.PositiveTestCases"/>
  <testcase name="DeleteDuplicateTsks" time="0.593" classname="com.automation.testScripts.PositiveTestCases"/>
  <testcase name="DeleteDuplicateTsks" time="0.521" classname="com.automation.testScripts.PositiveTestCases"/>
  <testcase name="DeleteDuplicateTsks" time="0.73" classname="com.automation.testScripts.PositiveTestCases"/>
  <testcase name="DeleteDuplicateTsks" time="0.59" classname="com.automation.testScripts.PositiveTestCases"/>
  <testcase name="DeleteDuplicateTsks" time="0.414" classname="com.automation.testScripts.PositiveTestCases"/>
  <testcase name="DeleteDuplicateTsks" time="0.895" classname="com.automation.testScripts.PositiveTestCases"/>
  <testcase name="DeleteDuplicateTsks" time="0.818" classname="com.automation.testScripts.PositiveTestCases"/>
  <testcase name="DeleteDuplicateTsks" time="0.618" classname="com.automation.testScripts.PositiveTestCases"/>
  <testcase name="DeleteDuplicateTsks" time="0.264" classname="com.automation.testScripts.PositiveTestCases"/>
  <testcase name="DeleteDuplicateTsks" time="0.278" classname="com.automation.testScripts.PositiveTestCases"/>
  <testcase name="DeleteDuplicateTsks" time="0.65" classname="com.automation.testScripts.PositiveTestCases"/>
  <testcase name="DeleteDuplicateTsks" time="0.653" classname="com.automation.testScripts.PositiveTestCases"/>
  <testcase name="EnterDuplicateTsks" time="0.001" classname="com.automation.testScripts.PositiveTestCases"/>
  <testcase name="EnterDuplicateTsks" time="0.002" classname="com.automation.testScripts.PositiveTestCases"/>
  <testcase name="EnterDuplicateTsks" time="0.001" classname="com.automation.testScripts.PositiveTestCases"/>
  <testcase name="EnterDuplicateTsks" time="0.001" classname="com.automation.testScripts.PositiveTestCases"/>
  <testcase name="EnterDuplicateTsks" time="0.001" classname="com.automation.testScripts.PositiveTestCases"/>
  <testcase name="EnterDuplicateTsks" time="0.001" classname="com.automation.testScripts.PositiveTestCases"/>
  <testcase name="EnterDuplicateTsks" time="0.451" classname="com.automation.testScripts.PositiveTestCases"/>
  <testcase name="EnterDuplicateTsks" time="0.509" classname="com.automation.testScripts.PositiveTestCases"/>
  <testcase name="EnterDuplicateTsks" time="0.533" classname="com.automation.testScripts.PositiveTestCases"/>
  <testcase name="EnterDuplicateTsks" time="0.001" classname="com.automation.testScripts.PositiveTestCases"/>
  <testcase name="EnterDuplicateTsks" time="0.002" classname="com.automation.testScripts.PositiveTestCases"/>
  <testcase name="EnterDuplicateTsks" time="0.001" classname="com.automation.testScripts.PositiveTestCases"/>
  <testcase name="EnterDuplicateTsks" time="0.001" classname="com.automation.testScripts.PositiveTestCases"/>
  <testcase name="TaskCheckForSymbols" time="0.002" classname="com.automation.testScripts.OtherTestCases"/>
  <testcase name="TaskCheckForSymbols" time="0.001" classname="com.automation.testScripts.OtherTestCases"/>
  <testcase name="TaskCheckForSymbols" time="0.002" classname="com.automation.testScripts.OtherTestCases"/>
  <testcase name="TaskCheckForSymbols" time="0.84" classname="com.automation.testScripts.OtherTestCases"/>
  <testcase name="TaskCheckForSymbols" time="0.0" classname="com.automation.testScripts.OtherTestCases"/>
  <testcase name="TaskCheckForSymbols" time="0.001" classname="com.automation.testScripts.OtherTestCases"/>
  <testcase name="TaskCheckForSymbols" time="0.001" classname="com.automation.testScripts.OtherTestCases"/>
  <testcase name="TaskCheckForSymbols" time="0.001" classname="com.automation.testScripts.OtherTestCases"/>
  <testcase name="TaskCheckForSymbols" time="0.001" classname="com.automation.testScripts.OtherTestCases"/>
  <testcase name="TaskCheckForSymbols" time="0.001" classname="com.automation.testScripts.OtherTestCases"/>
  <testcase name="TaskCheckForSymbols" time="0.003" classname="com.automation.testScripts.OtherTestCases"/>
  <testcase name="TaskCheckForSymbols" time="0.001" classname="com.automation.testScripts.OtherTestCases"/>
  <testcase name="TaskCheckForSymbols" time="0.003" classname="com.automation.testScripts.OtherTestCases"/>
  <testcase name="TaskCheckForSymbols" time="0.001" classname="com.automation.testScripts.OtherTestCases"/>
  <testcase name="TaskCheckForSymbols" time="0.003" classname="com.automation.testScripts.OtherTestCases"/>
  <testcase name="CheckForLengthyTask" time="0.002" classname="com.automation.testScripts.OtherTestCases"/>
  <testcase name="CheckForLengthyTask" time="0.001" classname="com.automation.testScripts.OtherTestCases"/>
  <testcase name="CheckForLengthyTask" time="0.0" classname="com.automation.testScripts.OtherTestCases"/>
  <testcase name="CheckForLengthyTask" time="0.001" classname="com.automation.testScripts.OtherTestCases"/>
  <testcase name="CheckForLengthyTask" time="14.579" classname="com.automation.testScripts.OtherTestCases"/>
  <testcase name="CheckForLengthyTask" time="0.002" classname="com.automation.testScripts.OtherTestCases"/>
  <testcase name="CheckForLengthyTask" time="0.001" classname="com.automation.testScripts.OtherTestCases"/>
  <testcase name="CheckForLengthyTask" time="0.001" classname="com.automation.testScripts.OtherTestCases"/>
  <testcase name="CheckForLengthyTask" time="0.001" classname="com.automation.testScripts.OtherTestCases"/>
  <testcase name="CheckForLengthyTask" time="0.001" classname="com.automation.testScripts.OtherTestCases"/>
  <testcase name="CheckForLengthyTask" time="0.001" classname="com.automation.testScripts.OtherTestCases"/>
  <testcase name="CheckForLengthyTask" time="0.001" classname="com.automation.testScripts.OtherTestCases"/>
  <testcase name="CheckForLengthyTask" time="0.001" classname="com.automation.testScripts.OtherTestCases"/>
  <testcase name="CheckForLengthyTask" time="0.001" classname="com.automation.testScripts.OtherTestCases"/>
  <testcase name="CheckForLengthyTask" time="0.001" classname="com.automation.testScripts.OtherTestCases"/>
  <testcase name="MoveTasksToCompleted" time="0.002" classname="com.automation.testScripts.PositiveTestCases"/>
  <testcase name="MoveTasksToCompleted" time="0.001" classname="com.automation.testScripts.PositiveTestCases"/>
  <testcase name="MoveTasksToCompleted" time="0.001" classname="com.automation.testScripts.PositiveTestCases"/>
  <testcase name="MoveTasksToCompleted" time="0.001" classname="com.automation.testScripts.PositiveTestCases"/>
  <testcase name="MoveTasksToCompleted" time="0.001" classname="com.automation.testScripts.PositiveTestCases"/>
  <testcase name="MoveTasksToCompleted" time="0.001" classname="com.automation.testScripts.PositiveTestCases"/>
  <testcase name="MoveTasksToCompleted" time="0.0" classname="com.automation.testScripts.PositiveTestCases"/>
  <testcase name="MoveTasksToCompleted" time="0.003" classname="com.automation.testScripts.PositiveTestCases"/>
  <testcase name="MoveTasksToCompleted" time="0.001" classname="com.automation.testScripts.PositiveTestCases"/>
  <testcase name="MoveTasksToCompleted" time="2.593" classname="com.automation.testScripts.PositiveTestCases"/>
  <testcase name="MoveTasksToCompleted" time="0.639" classname="com.automation.testScripts.PositiveTestCases"/>
  <testcase name="MoveTasksToCompleted" time="0.0" classname="com.automation.testScripts.PositiveTestCases"/>
  <testcase name="MoveTasksToCompleted" time="0.001" classname="com.automation.testScripts.PositiveTestCases"/>
  <testcase name="EnterMoreThanFiftyTasks" time="0.001" classname="com.automation.testScripts.OtherTestCases"/>
  <testcase name="EnterMoreThanFiftyTasks" time="0.001" classname="com.automation.testScripts.OtherTestCases"/>
  <testcase name="EnterMoreThanFiftyTasks" time="0.001" classname="com.automation.testScripts.OtherTestCases"/>
  <testcase name="EnterMoreThanFiftyTasks" time="0.001" classname="com.automation.testScripts.OtherTestCases"/>
  <testcase name="EnterMoreThanFiftyTasks" time="0.002" classname="com.automation.testScripts.OtherTestCases"/>
  <testcase name="EnterMoreThanFiftyTasks" time="0.817" classname="com.automation.testScripts.OtherTestCases"/>
  <testcase name="EnterMoreThanFiftyTasks" time="0.373" classname="com.automation.testScripts.OtherTestCases"/>
  <testcase name="EnterMoreThanFiftyTasks" time="0.355" classname="com.automation.testScripts.OtherTestCases"/>
  <testcase name="EnterMoreThanFiftyTasks" time="0.353" classname="com.automation.testScripts.OtherTestCases"/>
  <testcase name="EnterMoreThanFiftyTasks" time="0.388" classname="com.automation.testScripts.OtherTestCases"/>
  <testcase name="EnterMoreThanFiftyTasks" time="0.384" classname="com.automation.testScripts.OtherTestCases"/>
  <testcase name="EnterMoreThanFiftyTasks" time="0.394" classname="com.automation.testScripts.OtherTestCases"/>
  <testcase name="EnterMoreThanFiftyTasks" time="0.38" classname="com.automation.testScripts.OtherTestCases"/>
  <testcase name="EnterMoreThanFiftyTasks" time="0.397" classname="com.automation.testScripts.OtherTestCases"/>
  <testcase name="EnterMoreThanFiftyTasks" time="0.413" classname="com.automation.testScripts.OtherTestCases"/>
  <testcase name="ClearCompletedTasks" time="40.557" classname="com.automation.testScripts.PositiveTestCases"/>
</testsuite> <!-- Test -->
