<?xml version="1.0" encoding="UTF-8"?>
<testng-results skipped="0" failed="0" ignored="0" total="66" passed="66">
  <reporter-output>
  </reporter-output>
  <suite name="Default suite" duration-ms="68407" started-at="2017-08-14T19:16:03Z" finished-at="2017-08-14T19:17:12Z">
    <groups>
    </groups>
    <test name="Default test" duration-ms="68407" started-at="2017-08-14T19:16:03Z" finished-at="2017-08-14T19:17:12Z">
      <class name="com.automation.testScripts.TC_UsingExcel">
        <test-method status="PASS" signature="setUp()[pri:0, instance:com.automation.testScripts.TC_UsingExcel@5b275dab]" name="setUp" is-config="true" duration-ms="11408" started-at="2017-08-15T00:46:03Z" finished-at="2017-08-15T00:46:15Z">
          <reporter-output>
          </reporter-output>
        </test-method> <!-- setUp -->
        <test-method status="PASS" signature="EnterSingleTask(java.lang.String, java.lang.String, java.lang.String)[pri:1, instance:com.automation.testScripts.TC_UsingExcel@5b275dab]" name="EnterSingleTask" duration-ms="689" started-at="2017-08-15T00:46:16Z" data-provider="enterTask" finished-at="2017-08-15T00:46:17Z">
          <params>
            <param index="0">
              <value>
                <![CDATA[TC_01]]>
              </value>
            </param>
            <param index="1">
              <value>
                <![CDATA[Requirement Gathering]]>
              </value>
            </param>
            <param index="2">
              <value>
                <![CDATA[]]>
              </value>
            </param>
          </params>
          <reporter-output>
          </reporter-output>
        </test-method> <!-- EnterSingleTask -->
        <test-method status="PASS" signature="EnterSingleTask(java.lang.String, java.lang.String, java.lang.String)[pri:1, instance:com.automation.testScripts.TC_UsingExcel@5b275dab]" name="EnterSingleTask" duration-ms="2" started-at="2017-08-15T00:46:17Z" data-provider="enterTask" finished-at="2017-08-15T00:46:17Z">
          <params>
            <param index="0">
              <value>
                <![CDATA[TC_02]]>
              </value>
            </param>
            <param index="1">
              <value>
                <![CDATA[Requirement Analysis]]>
              </value>
            </param>
            <param index="2">
              <value>
                <![CDATA[]]>
              </value>
            </param>
          </params>
          <reporter-output>
          </reporter-output>
        </test-method> <!-- EnterSingleTask -->
        <test-method status="PASS" signature="EnterSingleTask(java.lang.String, java.lang.String, java.lang.String)[pri:1, instance:com.automation.testScripts.TC_UsingExcel@5b275dab]" name="EnterSingleTask" duration-ms="1" started-at="2017-08-15T00:46:17Z" data-provider="enterTask" finished-at="2017-08-15T00:46:17Z">
          <params>
            <param index="0">
              <value>
                <![CDATA[TC_02]]>
              </value>
            </param>
            <param index="1">
              <value>
                <![CDATA[Planning]]>
              </value>
            </param>
            <param index="2">
              <value>
                <![CDATA[]]>
              </value>
            </param>
          </params>
          <reporter-output>
          </reporter-output>
        </test-method> <!-- EnterSingleTask -->
        <test-method status="PASS" signature="EnterSingleTask(java.lang.String, java.lang.String, java.lang.String)[pri:1, instance:com.automation.testScripts.TC_UsingExcel@5b275dab]" name="EnterSingleTask" duration-ms="1" started-at="2017-08-15T00:46:17Z" data-provider="enterTask" finished-at="2017-08-15T00:46:17Z">
          <params>
            <param index="0">
              <value>
                <![CDATA[TC_02]]>
              </value>
            </param>
            <param index="1">
              <value>
                <![CDATA[Grooming]]>
              </value>
            </param>
            <param index="2">
              <value>
                <![CDATA[]]>
              </value>
            </param>
          </params>
          <reporter-output>
          </reporter-output>
        </test-method> <!-- EnterSingleTask -->
        <test-method status="PASS" signature="EnterSingleTask(java.lang.String, java.lang.String, java.lang.String)[pri:1, instance:com.automation.testScripts.TC_UsingExcel@5b275dab]" name="EnterSingleTask" duration-ms="2" started-at="2017-08-15T00:46:17Z" data-provider="enterTask" finished-at="2017-08-15T00:46:17Z">
          <params>
            <param index="0">
              <value>
                <![CDATA[TC_02]]>
              </value>
            </param>
            <param index="1">
              <value>
                <![CDATA[Development]]>
              </value>
            </param>
            <param index="2">
              <value>
                <![CDATA[]]>
              </value>
            </param>
          </params>
          <reporter-output>
          </reporter-output>
        </test-method> <!-- EnterSingleTask -->
        <test-method status="PASS" signature="EnterSingleTask(java.lang.String, java.lang.String, java.lang.String)[pri:1, instance:com.automation.testScripts.TC_UsingExcel@5b275dab]" name="EnterSingleTask" duration-ms="2" started-at="2017-08-15T00:46:17Z" data-provider="enterTask" finished-at="2017-08-15T00:46:17Z">
          <params>
            <param index="0">
              <value>
                <![CDATA[TC_02]]>
              </value>
            </param>
            <param index="1">
              <value>
                <![CDATA[Unit Testing ]]>
              </value>
            </param>
            <param index="2">
              <value>
                <![CDATA[]]>
              </value>
            </param>
          </params>
          <reporter-output>
          </reporter-output>
        </test-method> <!-- EnterSingleTask -->
        <test-method status="PASS" signature="EnterSingleTask(java.lang.String, java.lang.String, java.lang.String)[pri:1, instance:com.automation.testScripts.TC_UsingExcel@5b275dab]" name="EnterSingleTask" duration-ms="1" started-at="2017-08-15T00:46:17Z" data-provider="enterTask" finished-at="2017-08-15T00:46:17Z">
          <params>
            <param index="0">
              <value>
                <![CDATA[TC_03]]>
              </value>
            </param>
            <param index="1">
              <value>
                <![CDATA[Component Testing]]>
              </value>
            </param>
            <param index="2">
              <value>
                <![CDATA[]]>
              </value>
            </param>
          </params>
          <reporter-output>
          </reporter-output>
        </test-method> <!-- EnterSingleTask -->
        <test-method status="PASS" signature="EnterSingleTask(java.lang.String, java.lang.String, java.lang.String)[pri:1, instance:com.automation.testScripts.TC_UsingExcel@5b275dab]" name="EnterSingleTask" duration-ms="1" started-at="2017-08-15T00:46:17Z" data-provider="enterTask" finished-at="2017-08-15T00:46:17Z">
          <params>
            <param index="0">
              <value>
                <![CDATA[TC_03]]>
              </value>
            </param>
            <param index="1">
              <value>
                <![CDATA[Component Testing]]>
              </value>
            </param>
            <param index="2">
              <value>
                <![CDATA[]]>
              </value>
            </param>
          </params>
          <reporter-output>
          </reporter-output>
        </test-method> <!-- EnterSingleTask -->
        <test-method status="PASS" signature="EnterSingleTask(java.lang.String, java.lang.String, java.lang.String)[pri:1, instance:com.automation.testScripts.TC_UsingExcel@5b275dab]" name="EnterSingleTask" duration-ms="1" started-at="2017-08-15T00:46:17Z" data-provider="enterTask" finished-at="2017-08-15T00:46:17Z">
          <params>
            <param index="0">
              <value>
                <![CDATA[TC_03]]>
              </value>
            </param>
            <param index="1">
              <value>
                <![CDATA[Component Testing]]>
              </value>
            </param>
            <param index="2">
              <value>
                <![CDATA[]]>
              </value>
            </param>
          </params>
          <reporter-output>
          </reporter-output>
        </test-method> <!-- EnterSingleTask -->
        <test-method status="PASS" signature="EnterSingleTask(java.lang.String, java.lang.String, java.lang.String)[pri:1, instance:com.automation.testScripts.TC_UsingExcel@5b275dab]" name="EnterSingleTask" duration-ms="2" started-at="2017-08-15T00:46:17Z" data-provider="enterTask" finished-at="2017-08-15T00:46:17Z">
          <params>
            <param index="0">
              <value>
                <![CDATA[TC_04]]>
              </value>
            </param>
            <param index="1">
              <value>
                <![CDATA[]]>
              </value>
            </param>
            <param index="2">
              <value>
                <![CDATA[Requirement Gathering]]>
              </value>
            </param>
          </params>
          <reporter-output>
          </reporter-output>
        </test-method> <!-- EnterSingleTask -->
        <test-method status="PASS" signature="EnterSingleTask(java.lang.String, java.lang.String, java.lang.String)[pri:1, instance:com.automation.testScripts.TC_UsingExcel@5b275dab]" name="EnterSingleTask" duration-ms="2" started-at="2017-08-15T00:46:17Z" data-provider="enterTask" finished-at="2017-08-15T00:46:17Z">
          <params>
            <param index="0">
              <value>
                <![CDATA[TC_04]]>
              </value>
            </param>
            <param index="1">
              <value>
                <![CDATA[]]>
              </value>
            </param>
            <param index="2">
              <value>
                <![CDATA[Requirement Analysis]]>
              </value>
            </param>
          </params>
          <reporter-output>
          </reporter-output>
        </test-method> <!-- EnterSingleTask -->
        <test-method status="PASS" signature="EnterSingleTask(java.lang.String, java.lang.String, java.lang.String)[pri:1, instance:com.automation.testScripts.TC_UsingExcel@5b275dab]" name="EnterSingleTask" duration-ms="2" started-at="2017-08-15T00:46:17Z" data-provider="enterTask" finished-at="2017-08-15T00:46:17Z">
          <params>
            <param index="0">
              <value>
                <![CDATA[TC_05]]>
              </value>
            </param>
            <param index="1">
              <value>
                <![CDATA[Integration Testing]]>
              </value>
            </param>
            <param index="2">
              <value>
                <![CDATA[]]>
              </value>
            </param>
          </params>
          <reporter-output>
          </reporter-output>
        </test-method> <!-- EnterSingleTask -->
        <test-method status="PASS" signature="EnterSingleTask(java.lang.String, java.lang.String, java.lang.String)[pri:1, instance:com.automation.testScripts.TC_UsingExcel@5b275dab]" name="EnterSingleTask" duration-ms="2" started-at="2017-08-15T00:46:17Z" data-provider="enterTask" finished-at="2017-08-15T00:46:17Z">
          <params>
            <param index="0">
              <value>
                <![CDATA[TC_06]]>
              </value>
            </param>
            <param index="1">
              <value>
                <![CDATA[System Testing]]>
              </value>
            </param>
            <param index="2">
              <value>
                <![CDATA[]]>
              </value>
            </param>
          </params>
          <reporter-output>
          </reporter-output>
        </test-method> <!-- EnterSingleTask -->
        <test-method status="PASS" signature="EnterMultipleTasks(java.lang.String, java.lang.String, java.lang.String)[pri:2, instance:com.automation.testScripts.TC_UsingExcel@5b275dab]" name="EnterMultipleTasks" duration-ms="2" started-at="2017-08-15T00:46:17Z" data-provider="enterTask" finished-at="2017-08-15T00:46:17Z">
          <params>
            <param index="0">
              <value>
                <![CDATA[TC_01]]>
              </value>
            </param>
            <param index="1">
              <value>
                <![CDATA[Requirement Gathering]]>
              </value>
            </param>
            <param index="2">
              <value>
                <![CDATA[]]>
              </value>
            </param>
          </params>
          <reporter-output>
          </reporter-output>
        </test-method> <!-- EnterMultipleTasks -->
        <test-method status="PASS" signature="EnterMultipleTasks(java.lang.String, java.lang.String, java.lang.String)[pri:2, instance:com.automation.testScripts.TC_UsingExcel@5b275dab]" name="EnterMultipleTasks" duration-ms="456" started-at="2017-08-15T00:46:17Z" data-provider="enterTask" finished-at="2017-08-15T00:46:18Z">
          <params>
            <param index="0">
              <value>
                <![CDATA[TC_02]]>
              </value>
            </param>
            <param index="1">
              <value>
                <![CDATA[Requirement Analysis]]>
              </value>
            </param>
            <param index="2">
              <value>
                <![CDATA[]]>
              </value>
            </param>
          </params>
          <reporter-output>
          </reporter-output>
        </test-method> <!-- EnterMultipleTasks -->
        <test-method status="PASS" signature="EnterMultipleTasks(java.lang.String, java.lang.String, java.lang.String)[pri:2, instance:com.automation.testScripts.TC_UsingExcel@5b275dab]" name="EnterMultipleTasks" duration-ms="293" started-at="2017-08-15T00:46:18Z" data-provider="enterTask" finished-at="2017-08-15T00:46:18Z">
          <params>
            <param index="0">
              <value>
                <![CDATA[TC_02]]>
              </value>
            </param>
            <param index="1">
              <value>
                <![CDATA[Planning]]>
              </value>
            </param>
            <param index="2">
              <value>
                <![CDATA[]]>
              </value>
            </param>
          </params>
          <reporter-output>
          </reporter-output>
        </test-method> <!-- EnterMultipleTasks -->
        <test-method status="PASS" signature="EnterMultipleTasks(java.lang.String, java.lang.String, java.lang.String)[pri:2, instance:com.automation.testScripts.TC_UsingExcel@5b275dab]" name="EnterMultipleTasks" duration-ms="282" started-at="2017-08-15T00:46:18Z" data-provider="enterTask" finished-at="2017-08-15T00:46:18Z">
          <params>
            <param index="0">
              <value>
                <![CDATA[TC_02]]>
              </value>
            </param>
            <param index="1">
              <value>
                <![CDATA[Grooming]]>
              </value>
            </param>
            <param index="2">
              <value>
                <![CDATA[]]>
              </value>
            </param>
          </params>
          <reporter-output>
          </reporter-output>
        </test-method> <!-- EnterMultipleTasks -->
        <test-method status="PASS" signature="EnterMultipleTasks(java.lang.String, java.lang.String, java.lang.String)[pri:2, instance:com.automation.testScripts.TC_UsingExcel@5b275dab]" name="EnterMultipleTasks" duration-ms="315" started-at="2017-08-15T00:46:18Z" data-provider="enterTask" finished-at="2017-08-15T00:46:19Z">
          <params>
            <param index="0">
              <value>
                <![CDATA[TC_02]]>
              </value>
            </param>
            <param index="1">
              <value>
                <![CDATA[Development]]>
              </value>
            </param>
            <param index="2">
              <value>
                <![CDATA[]]>
              </value>
            </param>
          </params>
          <reporter-output>
          </reporter-output>
        </test-method> <!-- EnterMultipleTasks -->
        <test-method status="PASS" signature="EnterMultipleTasks(java.lang.String, java.lang.String, java.lang.String)[pri:2, instance:com.automation.testScripts.TC_UsingExcel@5b275dab]" name="EnterMultipleTasks" duration-ms="368" started-at="2017-08-15T00:46:19Z" data-provider="enterTask" finished-at="2017-08-15T00:46:19Z">
          <params>
            <param index="0">
              <value>
                <![CDATA[TC_02]]>
              </value>
            </param>
            <param index="1">
              <value>
                <![CDATA[Unit Testing ]]>
              </value>
            </param>
            <param index="2">
              <value>
                <![CDATA[]]>
              </value>
            </param>
          </params>
          <reporter-output>
          </reporter-output>
        </test-method> <!-- EnterMultipleTasks -->
        <test-method status="PASS" signature="EnterMultipleTasks(java.lang.String, java.lang.String, java.lang.String)[pri:2, instance:com.automation.testScripts.TC_UsingExcel@5b275dab]" name="EnterMultipleTasks" duration-ms="1" started-at="2017-08-15T00:46:19Z" data-provider="enterTask" finished-at="2017-08-15T00:46:19Z">
          <params>
            <param index="0">
              <value>
                <![CDATA[TC_03]]>
              </value>
            </param>
            <param index="1">
              <value>
                <![CDATA[Component Testing]]>
              </value>
            </param>
            <param index="2">
              <value>
                <![CDATA[]]>
              </value>
            </param>
          </params>
          <reporter-output>
          </reporter-output>
        </test-method> <!-- EnterMultipleTasks -->
        <test-method status="PASS" signature="EnterMultipleTasks(java.lang.String, java.lang.String, java.lang.String)[pri:2, instance:com.automation.testScripts.TC_UsingExcel@5b275dab]" name="EnterMultipleTasks" duration-ms="1" started-at="2017-08-15T00:46:19Z" data-provider="enterTask" finished-at="2017-08-15T00:46:19Z">
          <params>
            <param index="0">
              <value>
                <![CDATA[TC_03]]>
              </value>
            </param>
            <param index="1">
              <value>
                <![CDATA[Component Testing]]>
              </value>
            </param>
            <param index="2">
              <value>
                <![CDATA[]]>
              </value>
            </param>
          </params>
          <reporter-output>
          </reporter-output>
        </test-method> <!-- EnterMultipleTasks -->
        <test-method status="PASS" signature="EnterMultipleTasks(java.lang.String, java.lang.String, java.lang.String)[pri:2, instance:com.automation.testScripts.TC_UsingExcel@5b275dab]" name="EnterMultipleTasks" duration-ms="1" started-at="2017-08-15T00:46:19Z" data-provider="enterTask" finished-at="2017-08-15T00:46:19Z">
          <params>
            <param index="0">
              <value>
                <![CDATA[TC_03]]>
              </value>
            </param>
            <param index="1">
              <value>
                <![CDATA[Component Testing]]>
              </value>
            </param>
            <param index="2">
              <value>
                <![CDATA[]]>
              </value>
            </param>
          </params>
          <reporter-output>
          </reporter-output>
        </test-method> <!-- EnterMultipleTasks -->
        <test-method status="PASS" signature="EnterMultipleTasks(java.lang.String, java.lang.String, java.lang.String)[pri:2, instance:com.automation.testScripts.TC_UsingExcel@5b275dab]" name="EnterMultipleTasks" duration-ms="5" started-at="2017-08-15T00:46:19Z" data-provider="enterTask" finished-at="2017-08-15T00:46:19Z">
          <params>
            <param index="0">
              <value>
                <![CDATA[TC_04]]>
              </value>
            </param>
            <param index="1">
              <value>
                <![CDATA[]]>
              </value>
            </param>
            <param index="2">
              <value>
                <![CDATA[Requirement Gathering]]>
              </value>
            </param>
          </params>
          <reporter-output>
          </reporter-output>
        </test-method> <!-- EnterMultipleTasks -->
        <test-method status="PASS" signature="EnterMultipleTasks(java.lang.String, java.lang.String, java.lang.String)[pri:2, instance:com.automation.testScripts.TC_UsingExcel@5b275dab]" name="EnterMultipleTasks" duration-ms="2" started-at="2017-08-15T00:46:19Z" data-provider="enterTask" finished-at="2017-08-15T00:46:19Z">
          <params>
            <param index="0">
              <value>
                <![CDATA[TC_04]]>
              </value>
            </param>
            <param index="1">
              <value>
                <![CDATA[]]>
              </value>
            </param>
            <param index="2">
              <value>
                <![CDATA[Requirement Analysis]]>
              </value>
            </param>
          </params>
          <reporter-output>
          </reporter-output>
        </test-method> <!-- EnterMultipleTasks -->
        <test-method status="PASS" signature="EnterMultipleTasks(java.lang.String, java.lang.String, java.lang.String)[pri:2, instance:com.automation.testScripts.TC_UsingExcel@5b275dab]" name="EnterMultipleTasks" duration-ms="2" started-at="2017-08-15T00:46:19Z" data-provider="enterTask" finished-at="2017-08-15T00:46:19Z">
          <params>
            <param index="0">
              <value>
                <![CDATA[TC_05]]>
              </value>
            </param>
            <param index="1">
              <value>
                <![CDATA[Integration Testing]]>
              </value>
            </param>
            <param index="2">
              <value>
                <![CDATA[]]>
              </value>
            </param>
          </params>
          <reporter-output>
          </reporter-output>
        </test-method> <!-- EnterMultipleTasks -->
        <test-method status="PASS" signature="EnterMultipleTasks(java.lang.String, java.lang.String, java.lang.String)[pri:2, instance:com.automation.testScripts.TC_UsingExcel@5b275dab]" name="EnterMultipleTasks" duration-ms="1" started-at="2017-08-15T00:46:19Z" data-provider="enterTask" finished-at="2017-08-15T00:46:19Z">
          <params>
            <param index="0">
              <value>
                <![CDATA[TC_06]]>
              </value>
            </param>
            <param index="1">
              <value>
                <![CDATA[System Testing]]>
              </value>
            </param>
            <param index="2">
              <value>
                <![CDATA[]]>
              </value>
            </param>
          </params>
          <reporter-output>
          </reporter-output>
        </test-method> <!-- EnterMultipleTasks -->
        <test-method status="PASS" signature="DeleteDuplicateTsks(java.lang.String, java.lang.String, java.lang.String)[pri:3, instance:com.automation.testScripts.TC_UsingExcel@5b275dab]" name="DeleteDuplicateTsks" duration-ms="519" started-at="2017-08-15T00:46:19Z" data-provider="enterTask" finished-at="2017-08-15T00:46:20Z">
          <params>
            <param index="0">
              <value>
                <![CDATA[TC_01]]>
              </value>
            </param>
            <param index="1">
              <value>
                <![CDATA[Requirement Gathering]]>
              </value>
            </param>
            <param index="2">
              <value>
                <![CDATA[]]>
              </value>
            </param>
          </params>
          <reporter-output>
          </reporter-output>
        </test-method> <!-- DeleteDuplicateTsks -->
        <test-method status="PASS" signature="DeleteDuplicateTsks(java.lang.String, java.lang.String, java.lang.String)[pri:3, instance:com.automation.testScripts.TC_UsingExcel@5b275dab]" name="DeleteDuplicateTsks" duration-ms="431" started-at="2017-08-15T00:46:20Z" data-provider="enterTask" finished-at="2017-08-15T00:46:20Z">
          <params>
            <param index="0">
              <value>
                <![CDATA[TC_02]]>
              </value>
            </param>
            <param index="1">
              <value>
                <![CDATA[Requirement Analysis]]>
              </value>
            </param>
            <param index="2">
              <value>
                <![CDATA[]]>
              </value>
            </param>
          </params>
          <reporter-output>
          </reporter-output>
        </test-method> <!-- DeleteDuplicateTsks -->
        <test-method status="PASS" signature="DeleteDuplicateTsks(java.lang.String, java.lang.String, java.lang.String)[pri:3, instance:com.automation.testScripts.TC_UsingExcel@5b275dab]" name="DeleteDuplicateTsks" duration-ms="324" started-at="2017-08-15T00:46:20Z" data-provider="enterTask" finished-at="2017-08-15T00:46:20Z">
          <params>
            <param index="0">
              <value>
                <![CDATA[TC_02]]>
              </value>
            </param>
            <param index="1">
              <value>
                <![CDATA[Planning]]>
              </value>
            </param>
            <param index="2">
              <value>
                <![CDATA[]]>
              </value>
            </param>
          </params>
          <reporter-output>
          </reporter-output>
        </test-method> <!-- DeleteDuplicateTsks -->
        <test-method status="PASS" signature="DeleteDuplicateTsks(java.lang.String, java.lang.String, java.lang.String)[pri:3, instance:com.automation.testScripts.TC_UsingExcel@5b275dab]" name="DeleteDuplicateTsks" duration-ms="306" started-at="2017-08-15T00:46:20Z" data-provider="enterTask" finished-at="2017-08-15T00:46:21Z">
          <params>
            <param index="0">
              <value>
                <![CDATA[TC_02]]>
              </value>
            </param>
            <param index="1">
              <value>
                <![CDATA[Grooming]]>
              </value>
            </param>
            <param index="2">
              <value>
                <![CDATA[]]>
              </value>
            </param>
          </params>
          <reporter-output>
          </reporter-output>
        </test-method> <!-- DeleteDuplicateTsks -->
        <test-method status="PASS" signature="DeleteDuplicateTsks(java.lang.String, java.lang.String, java.lang.String)[pri:3, instance:com.automation.testScripts.TC_UsingExcel@5b275dab]" name="DeleteDuplicateTsks" duration-ms="347" started-at="2017-08-15T00:46:21Z" data-provider="enterTask" finished-at="2017-08-15T00:46:21Z">
          <params>
            <param index="0">
              <value>
                <![CDATA[TC_02]]>
              </value>
            </param>
            <param index="1">
              <value>
                <![CDATA[Development]]>
              </value>
            </param>
            <param index="2">
              <value>
                <![CDATA[]]>
              </value>
            </param>
          </params>
          <reporter-output>
          </reporter-output>
        </test-method> <!-- DeleteDuplicateTsks -->
        <test-method status="PASS" signature="DeleteDuplicateTsks(java.lang.String, java.lang.String, java.lang.String)[pri:3, instance:com.automation.testScripts.TC_UsingExcel@5b275dab]" name="DeleteDuplicateTsks" duration-ms="366" started-at="2017-08-15T00:46:21Z" data-provider="enterTask" finished-at="2017-08-15T00:46:21Z">
          <params>
            <param index="0">
              <value>
                <![CDATA[TC_02]]>
              </value>
            </param>
            <param index="1">
              <value>
                <![CDATA[Unit Testing ]]>
              </value>
            </param>
            <param index="2">
              <value>
                <![CDATA[]]>
              </value>
            </param>
          </params>
          <reporter-output>
          </reporter-output>
        </test-method> <!-- DeleteDuplicateTsks -->
        <test-method status="PASS" signature="DeleteDuplicateTsks(java.lang.String, java.lang.String, java.lang.String)[pri:3, instance:com.automation.testScripts.TC_UsingExcel@5b275dab]" name="DeleteDuplicateTsks" duration-ms="465" started-at="2017-08-15T00:46:21Z" data-provider="enterTask" finished-at="2017-08-15T00:46:22Z">
          <params>
            <param index="0">
              <value>
                <![CDATA[TC_03]]>
              </value>
            </param>
            <param index="1">
              <value>
                <![CDATA[Component Testing]]>
              </value>
            </param>
            <param index="2">
              <value>
                <![CDATA[]]>
              </value>
            </param>
          </params>
          <reporter-output>
          </reporter-output>
        </test-method> <!-- DeleteDuplicateTsks -->
        <test-method status="PASS" signature="DeleteDuplicateTsks(java.lang.String, java.lang.String, java.lang.String)[pri:3, instance:com.automation.testScripts.TC_UsingExcel@5b275dab]" name="DeleteDuplicateTsks" duration-ms="402" started-at="2017-08-15T00:46:22Z" data-provider="enterTask" finished-at="2017-08-15T00:46:22Z">
          <params>
            <param index="0">
              <value>
                <![CDATA[TC_03]]>
              </value>
            </param>
            <param index="1">
              <value>
                <![CDATA[Component Testing]]>
              </value>
            </param>
            <param index="2">
              <value>
                <![CDATA[]]>
              </value>
            </param>
          </params>
          <reporter-output>
          </reporter-output>
        </test-method> <!-- DeleteDuplicateTsks -->
        <test-method status="PASS" signature="DeleteDuplicateTsks(java.lang.String, java.lang.String, java.lang.String)[pri:3, instance:com.automation.testScripts.TC_UsingExcel@5b275dab]" name="DeleteDuplicateTsks" duration-ms="703" started-at="2017-08-15T00:46:22Z" data-provider="enterTask" finished-at="2017-08-15T00:46:23Z">
          <params>
            <param index="0">
              <value>
                <![CDATA[TC_03]]>
              </value>
            </param>
            <param index="1">
              <value>
                <![CDATA[Component Testing]]>
              </value>
            </param>
            <param index="2">
              <value>
                <![CDATA[]]>
              </value>
            </param>
          </params>
          <reporter-output>
          </reporter-output>
        </test-method> <!-- DeleteDuplicateTsks -->
        <test-method status="PASS" signature="DeleteDuplicateTsks(java.lang.String, java.lang.String, java.lang.String)[pri:3, instance:com.automation.testScripts.TC_UsingExcel@5b275dab]" name="DeleteDuplicateTsks" duration-ms="282" started-at="2017-08-15T00:46:23Z" data-provider="enterTask" finished-at="2017-08-15T00:46:23Z">
          <params>
            <param index="0">
              <value>
                <![CDATA[TC_04]]>
              </value>
            </param>
            <param index="1">
              <value>
                <![CDATA[]]>
              </value>
            </param>
            <param index="2">
              <value>
                <![CDATA[Requirement Gathering]]>
              </value>
            </param>
          </params>
          <reporter-output>
          </reporter-output>
        </test-method> <!-- DeleteDuplicateTsks -->
        <test-method status="PASS" signature="DeleteDuplicateTsks(java.lang.String, java.lang.String, java.lang.String)[pri:3, instance:com.automation.testScripts.TC_UsingExcel@5b275dab]" name="DeleteDuplicateTsks" duration-ms="978" started-at="2017-08-15T00:46:23Z" data-provider="enterTask" finished-at="2017-08-15T00:46:24Z">
          <params>
            <param index="0">
              <value>
                <![CDATA[TC_04]]>
              </value>
            </param>
            <param index="1">
              <value>
                <![CDATA[]]>
              </value>
            </param>
            <param index="2">
              <value>
                <![CDATA[Requirement Analysis]]>
              </value>
            </param>
          </params>
          <reporter-output>
          </reporter-output>
        </test-method> <!-- DeleteDuplicateTsks -->
        <test-method status="PASS" signature="DeleteDuplicateTsks(java.lang.String, java.lang.String, java.lang.String)[pri:3, instance:com.automation.testScripts.TC_UsingExcel@5b275dab]" name="DeleteDuplicateTsks" duration-ms="670" started-at="2017-08-15T00:46:24Z" data-provider="enterTask" finished-at="2017-08-15T00:46:25Z">
          <params>
            <param index="0">
              <value>
                <![CDATA[TC_05]]>
              </value>
            </param>
            <param index="1">
              <value>
                <![CDATA[Integration Testing]]>
              </value>
            </param>
            <param index="2">
              <value>
                <![CDATA[]]>
              </value>
            </param>
          </params>
          <reporter-output>
          </reporter-output>
        </test-method> <!-- DeleteDuplicateTsks -->
        <test-method status="PASS" signature="DeleteDuplicateTsks(java.lang.String, java.lang.String, java.lang.String)[pri:3, instance:com.automation.testScripts.TC_UsingExcel@5b275dab]" name="DeleteDuplicateTsks" duration-ms="560" started-at="2017-08-15T00:46:25Z" data-provider="enterTask" finished-at="2017-08-15T00:46:26Z">
          <params>
            <param index="0">
              <value>
                <![CDATA[TC_06]]>
              </value>
            </param>
            <param index="1">
              <value>
                <![CDATA[System Testing]]>
              </value>
            </param>
            <param index="2">
              <value>
                <![CDATA[]]>
              </value>
            </param>
          </params>
          <reporter-output>
          </reporter-output>
        </test-method> <!-- DeleteDuplicateTsks -->
        <test-method status="PASS" signature="EnterDuplicateTsks(java.lang.String, java.lang.String, java.lang.String)[pri:3, instance:com.automation.testScripts.TC_UsingExcel@5b275dab]" name="EnterDuplicateTsks" duration-ms="1" started-at="2017-08-15T00:46:26Z" data-provider="enterTask" finished-at="2017-08-15T00:46:26Z">
          <params>
            <param index="0">
              <value>
                <![CDATA[TC_01]]>
              </value>
            </param>
            <param index="1">
              <value>
                <![CDATA[Requirement Gathering]]>
              </value>
            </param>
            <param index="2">
              <value>
                <![CDATA[]]>
              </value>
            </param>
          </params>
          <reporter-output>
          </reporter-output>
        </test-method> <!-- EnterDuplicateTsks -->
        <test-method status="PASS" signature="EnterDuplicateTsks(java.lang.String, java.lang.String, java.lang.String)[pri:3, instance:com.automation.testScripts.TC_UsingExcel@5b275dab]" name="EnterDuplicateTsks" duration-ms="1" started-at="2017-08-15T00:46:26Z" data-provider="enterTask" finished-at="2017-08-15T00:46:26Z">
          <params>
            <param index="0">
              <value>
                <![CDATA[TC_02]]>
              </value>
            </param>
            <param index="1">
              <value>
                <![CDATA[Requirement Analysis]]>
              </value>
            </param>
            <param index="2">
              <value>
                <![CDATA[]]>
              </value>
            </param>
          </params>
          <reporter-output>
          </reporter-output>
        </test-method> <!-- EnterDuplicateTsks -->
        <test-method status="PASS" signature="EnterDuplicateTsks(java.lang.String, java.lang.String, java.lang.String)[pri:3, instance:com.automation.testScripts.TC_UsingExcel@5b275dab]" name="EnterDuplicateTsks" duration-ms="1" started-at="2017-08-15T00:46:26Z" data-provider="enterTask" finished-at="2017-08-15T00:46:26Z">
          <params>
            <param index="0">
              <value>
                <![CDATA[TC_02]]>
              </value>
            </param>
            <param index="1">
              <value>
                <![CDATA[Planning]]>
              </value>
            </param>
            <param index="2">
              <value>
                <![CDATA[]]>
              </value>
            </param>
          </params>
          <reporter-output>
          </reporter-output>
        </test-method> <!-- EnterDuplicateTsks -->
        <test-method status="PASS" signature="EnterDuplicateTsks(java.lang.String, java.lang.String, java.lang.String)[pri:3, instance:com.automation.testScripts.TC_UsingExcel@5b275dab]" name="EnterDuplicateTsks" duration-ms="1" started-at="2017-08-15T00:46:26Z" data-provider="enterTask" finished-at="2017-08-15T00:46:26Z">
          <params>
            <param index="0">
              <value>
                <![CDATA[TC_02]]>
              </value>
            </param>
            <param index="1">
              <value>
                <![CDATA[Grooming]]>
              </value>
            </param>
            <param index="2">
              <value>
                <![CDATA[]]>
              </value>
            </param>
          </params>
          <reporter-output>
          </reporter-output>
        </test-method> <!-- EnterDuplicateTsks -->
        <test-method status="PASS" signature="EnterDuplicateTsks(java.lang.String, java.lang.String, java.lang.String)[pri:3, instance:com.automation.testScripts.TC_UsingExcel@5b275dab]" name="EnterDuplicateTsks" duration-ms="1" started-at="2017-08-15T00:46:26Z" data-provider="enterTask" finished-at="2017-08-15T00:46:26Z">
          <params>
            <param index="0">
              <value>
                <![CDATA[TC_02]]>
              </value>
            </param>
            <param index="1">
              <value>
                <![CDATA[Development]]>
              </value>
            </param>
            <param index="2">
              <value>
                <![CDATA[]]>
              </value>
            </param>
          </params>
          <reporter-output>
          </reporter-output>
        </test-method> <!-- EnterDuplicateTsks -->
        <test-method status="PASS" signature="EnterDuplicateTsks(java.lang.String, java.lang.String, java.lang.String)[pri:3, instance:com.automation.testScripts.TC_UsingExcel@5b275dab]" name="EnterDuplicateTsks" duration-ms="2" started-at="2017-08-15T00:46:26Z" data-provider="enterTask" finished-at="2017-08-15T00:46:26Z">
          <params>
            <param index="0">
              <value>
                <![CDATA[TC_02]]>
              </value>
            </param>
            <param index="1">
              <value>
                <![CDATA[Unit Testing ]]>
              </value>
            </param>
            <param index="2">
              <value>
                <![CDATA[]]>
              </value>
            </param>
          </params>
          <reporter-output>
          </reporter-output>
        </test-method> <!-- EnterDuplicateTsks -->
        <test-method status="PASS" signature="EnterDuplicateTsks(java.lang.String, java.lang.String, java.lang.String)[pri:3, instance:com.automation.testScripts.TC_UsingExcel@5b275dab]" name="EnterDuplicateTsks" duration-ms="544" started-at="2017-08-15T00:46:26Z" data-provider="enterTask" finished-at="2017-08-15T00:46:26Z">
          <params>
            <param index="0">
              <value>
                <![CDATA[TC_03]]>
              </value>
            </param>
            <param index="1">
              <value>
                <![CDATA[Component Testing]]>
              </value>
            </param>
            <param index="2">
              <value>
                <![CDATA[]]>
              </value>
            </param>
          </params>
          <reporter-output>
          </reporter-output>
        </test-method> <!-- EnterDuplicateTsks -->
        <test-method status="PASS" signature="EnterDuplicateTsks(java.lang.String, java.lang.String, java.lang.String)[pri:3, instance:com.automation.testScripts.TC_UsingExcel@5b275dab]" name="EnterDuplicateTsks" duration-ms="728" started-at="2017-08-15T00:46:26Z" data-provider="enterTask" finished-at="2017-08-15T00:46:27Z">
          <params>
            <param index="0">
              <value>
                <![CDATA[TC_03]]>
              </value>
            </param>
            <param index="1">
              <value>
                <![CDATA[Component Testing]]>
              </value>
            </param>
            <param index="2">
              <value>
                <![CDATA[]]>
              </value>
            </param>
          </params>
          <reporter-output>
          </reporter-output>
        </test-method> <!-- EnterDuplicateTsks -->
        <test-method status="PASS" signature="EnterDuplicateTsks(java.lang.String, java.lang.String, java.lang.String)[pri:3, instance:com.automation.testScripts.TC_UsingExcel@5b275dab]" name="EnterDuplicateTsks" duration-ms="692" started-at="2017-08-15T00:46:27Z" data-provider="enterTask" finished-at="2017-08-15T00:46:28Z">
          <params>
            <param index="0">
              <value>
                <![CDATA[TC_03]]>
              </value>
            </param>
            <param index="1">
              <value>
                <![CDATA[Component Testing]]>
              </value>
            </param>
            <param index="2">
              <value>
                <![CDATA[]]>
              </value>
            </param>
          </params>
          <reporter-output>
          </reporter-output>
        </test-method> <!-- EnterDuplicateTsks -->
        <test-method status="PASS" signature="EnterDuplicateTsks(java.lang.String, java.lang.String, java.lang.String)[pri:3, instance:com.automation.testScripts.TC_UsingExcel@5b275dab]" name="EnterDuplicateTsks" duration-ms="1" started-at="2017-08-15T00:46:28Z" data-provider="enterTask" finished-at="2017-08-15T00:46:28Z">
          <params>
            <param index="0">
              <value>
                <![CDATA[TC_04]]>
              </value>
            </param>
            <param index="1">
              <value>
                <![CDATA[]]>
              </value>
            </param>
            <param index="2">
              <value>
                <![CDATA[Requirement Gathering]]>
              </value>
            </param>
          </params>
          <reporter-output>
          </reporter-output>
        </test-method> <!-- EnterDuplicateTsks -->
        <test-method status="PASS" signature="EnterDuplicateTsks(java.lang.String, java.lang.String, java.lang.String)[pri:3, instance:com.automation.testScripts.TC_UsingExcel@5b275dab]" name="EnterDuplicateTsks" duration-ms="1" started-at="2017-08-15T00:46:28Z" data-provider="enterTask" finished-at="2017-08-15T00:46:28Z">
          <params>
            <param index="0">
              <value>
                <![CDATA[TC_04]]>
              </value>
            </param>
            <param index="1">
              <value>
                <![CDATA[]]>
              </value>
            </param>
            <param index="2">
              <value>
                <![CDATA[Requirement Analysis]]>
              </value>
            </param>
          </params>
          <reporter-output>
          </reporter-output>
        </test-method> <!-- EnterDuplicateTsks -->
        <test-method status="PASS" signature="EnterDuplicateTsks(java.lang.String, java.lang.String, java.lang.String)[pri:3, instance:com.automation.testScripts.TC_UsingExcel@5b275dab]" name="EnterDuplicateTsks" duration-ms="2" started-at="2017-08-15T00:46:28Z" data-provider="enterTask" finished-at="2017-08-15T00:46:28Z">
          <params>
            <param index="0">
              <value>
                <![CDATA[TC_05]]>
              </value>
            </param>
            <param index="1">
              <value>
                <![CDATA[Integration Testing]]>
              </value>
            </param>
            <param index="2">
              <value>
                <![CDATA[]]>
              </value>
            </param>
          </params>
          <reporter-output>
          </reporter-output>
        </test-method> <!-- EnterDuplicateTsks -->
        <test-method status="PASS" signature="EnterDuplicateTsks(java.lang.String, java.lang.String, java.lang.String)[pri:3, instance:com.automation.testScripts.TC_UsingExcel@5b275dab]" name="EnterDuplicateTsks" duration-ms="1" started-at="2017-08-15T00:46:28Z" data-provider="enterTask" finished-at="2017-08-15T00:46:28Z">
          <params>
            <param index="0">
              <value>
                <![CDATA[TC_06]]>
              </value>
            </param>
            <param index="1">
              <value>
                <![CDATA[System Testing]]>
              </value>
            </param>
            <param index="2">
              <value>
                <![CDATA[]]>
              </value>
            </param>
          </params>
          <reporter-output>
          </reporter-output>
        </test-method> <!-- EnterDuplicateTsks -->
        <test-method status="PASS" signature="MoveTasksToCompleted(java.lang.String, java.lang.String, java.lang.String)[pri:5, instance:com.automation.testScripts.TC_UsingExcel@5b275dab]" name="MoveTasksToCompleted" duration-ms="1" started-at="2017-08-15T00:46:28Z" data-provider="enterTask" finished-at="2017-08-15T00:46:28Z">
          <params>
            <param index="0">
              <value>
                <![CDATA[TC_01]]>
              </value>
            </param>
            <param index="1">
              <value>
                <![CDATA[Requirement Gathering]]>
              </value>
            </param>
            <param index="2">
              <value>
                <![CDATA[]]>
              </value>
            </param>
          </params>
          <reporter-output>
          </reporter-output>
        </test-method> <!-- MoveTasksToCompleted -->
        <test-method status="PASS" signature="MoveTasksToCompleted(java.lang.String, java.lang.String, java.lang.String)[pri:5, instance:com.automation.testScripts.TC_UsingExcel@5b275dab]" name="MoveTasksToCompleted" duration-ms="1" started-at="2017-08-15T00:46:28Z" data-provider="enterTask" finished-at="2017-08-15T00:46:28Z">
          <params>
            <param index="0">
              <value>
                <![CDATA[TC_02]]>
              </value>
            </param>
            <param index="1">
              <value>
                <![CDATA[Requirement Analysis]]>
              </value>
            </param>
            <param index="2">
              <value>
                <![CDATA[]]>
              </value>
            </param>
          </params>
          <reporter-output>
          </reporter-output>
        </test-method> <!-- MoveTasksToCompleted -->
        <test-method status="PASS" signature="MoveTasksToCompleted(java.lang.String, java.lang.String, java.lang.String)[pri:5, instance:com.automation.testScripts.TC_UsingExcel@5b275dab]" name="MoveTasksToCompleted" duration-ms="1" started-at="2017-08-15T00:46:28Z" data-provider="enterTask" finished-at="2017-08-15T00:46:28Z">
          <params>
            <param index="0">
              <value>
                <![CDATA[TC_02]]>
              </value>
            </param>
            <param index="1">
              <value>
                <![CDATA[Planning]]>
              </value>
            </param>
            <param index="2">
              <value>
                <![CDATA[]]>
              </value>
            </param>
          </params>
          <reporter-output>
          </reporter-output>
        </test-method> <!-- MoveTasksToCompleted -->
        <test-method status="PASS" signature="MoveTasksToCompleted(java.lang.String, java.lang.String, java.lang.String)[pri:5, instance:com.automation.testScripts.TC_UsingExcel@5b275dab]" name="MoveTasksToCompleted" duration-ms="2" started-at="2017-08-15T00:46:28Z" data-provider="enterTask" finished-at="2017-08-15T00:46:28Z">
          <params>
            <param index="0">
              <value>
                <![CDATA[TC_02]]>
              </value>
            </param>
            <param index="1">
              <value>
                <![CDATA[Grooming]]>
              </value>
            </param>
            <param index="2">
              <value>
                <![CDATA[]]>
              </value>
            </param>
          </params>
          <reporter-output>
          </reporter-output>
        </test-method> <!-- MoveTasksToCompleted -->
        <test-method status="PASS" signature="MoveTasksToCompleted(java.lang.String, java.lang.String, java.lang.String)[pri:5, instance:com.automation.testScripts.TC_UsingExcel@5b275dab]" name="MoveTasksToCompleted" duration-ms="1" started-at="2017-08-15T00:46:28Z" data-provider="enterTask" finished-at="2017-08-15T00:46:28Z">
          <params>
            <param index="0">
              <value>
                <![CDATA[TC_02]]>
              </value>
            </param>
            <param index="1">
              <value>
                <![CDATA[Development]]>
              </value>
            </param>
            <param index="2">
              <value>
                <![CDATA[]]>
              </value>
            </param>
          </params>
          <reporter-output>
          </reporter-output>
        </test-method> <!-- MoveTasksToCompleted -->
        <test-method status="PASS" signature="MoveTasksToCompleted(java.lang.String, java.lang.String, java.lang.String)[pri:5, instance:com.automation.testScripts.TC_UsingExcel@5b275dab]" name="MoveTasksToCompleted" duration-ms="2" started-at="2017-08-15T00:46:28Z" data-provider="enterTask" finished-at="2017-08-15T00:46:28Z">
          <params>
            <param index="0">
              <value>
                <![CDATA[TC_02]]>
              </value>
            </param>
            <param index="1">
              <value>
                <![CDATA[Unit Testing ]]>
              </value>
            </param>
            <param index="2">
              <value>
                <![CDATA[]]>
              </value>
            </param>
          </params>
          <reporter-output>
          </reporter-output>
        </test-method> <!-- MoveTasksToCompleted -->
        <test-method status="PASS" signature="MoveTasksToCompleted(java.lang.String, java.lang.String, java.lang.String)[pri:5, instance:com.automation.testScripts.TC_UsingExcel@5b275dab]" name="MoveTasksToCompleted" duration-ms="1" started-at="2017-08-15T00:46:28Z" data-provider="enterTask" finished-at="2017-08-15T00:46:28Z">
          <params>
            <param index="0">
              <value>
                <![CDATA[TC_03]]>
              </value>
            </param>
            <param index="1">
              <value>
                <![CDATA[Component Testing]]>
              </value>
            </param>
            <param index="2">
              <value>
                <![CDATA[]]>
              </value>
            </param>
          </params>
          <reporter-output>
          </reporter-output>
        </test-method> <!-- MoveTasksToCompleted -->
        <test-method status="PASS" signature="MoveTasksToCompleted(java.lang.String, java.lang.String, java.lang.String)[pri:5, instance:com.automation.testScripts.TC_UsingExcel@5b275dab]" name="MoveTasksToCompleted" duration-ms="1" started-at="2017-08-15T00:46:28Z" data-provider="enterTask" finished-at="2017-08-15T00:46:28Z">
          <params>
            <param index="0">
              <value>
                <![CDATA[TC_03]]>
              </value>
            </param>
            <param index="1">
              <value>
                <![CDATA[Component Testing]]>
              </value>
            </param>
            <param index="2">
              <value>
                <![CDATA[]]>
              </value>
            </param>
          </params>
          <reporter-output>
          </reporter-output>
        </test-method> <!-- MoveTasksToCompleted -->
        <test-method status="PASS" signature="MoveTasksToCompleted(java.lang.String, java.lang.String, java.lang.String)[pri:5, instance:com.automation.testScripts.TC_UsingExcel@5b275dab]" name="MoveTasksToCompleted" duration-ms="1" started-at="2017-08-15T00:46:28Z" data-provider="enterTask" finished-at="2017-08-15T00:46:28Z">
          <params>
            <param index="0">
              <value>
                <![CDATA[TC_03]]>
              </value>
            </param>
            <param index="1">
              <value>
                <![CDATA[Component Testing]]>
              </value>
            </param>
            <param index="2">
              <value>
                <![CDATA[]]>
              </value>
            </param>
          </params>
          <reporter-output>
          </reporter-output>
        </test-method> <!-- MoveTasksToCompleted -->
        <test-method status="PASS" signature="MoveTasksToCompleted(java.lang.String, java.lang.String, java.lang.String)[pri:5, instance:com.automation.testScripts.TC_UsingExcel@5b275dab]" name="MoveTasksToCompleted" duration-ms="2674" started-at="2017-08-15T00:46:28Z" data-provider="enterTask" finished-at="2017-08-15T00:46:31Z">
          <params>
            <param index="0">
              <value>
                <![CDATA[TC_04]]>
              </value>
            </param>
            <param index="1">
              <value>
                <![CDATA[]]>
              </value>
            </param>
            <param index="2">
              <value>
                <![CDATA[Requirement Gathering]]>
              </value>
            </param>
          </params>
          <reporter-output>
          </reporter-output>
        </test-method> <!-- MoveTasksToCompleted -->
        <test-method status="PASS" signature="MoveTasksToCompleted(java.lang.String, java.lang.String, java.lang.String)[pri:5, instance:com.automation.testScripts.TC_UsingExcel@5b275dab]" name="MoveTasksToCompleted" duration-ms="503" started-at="2017-08-15T00:46:31Z" data-provider="enterTask" finished-at="2017-08-15T00:46:31Z">
          <params>
            <param index="0">
              <value>
                <![CDATA[TC_04]]>
              </value>
            </param>
            <param index="1">
              <value>
                <![CDATA[]]>
              </value>
            </param>
            <param index="2">
              <value>
                <![CDATA[Requirement Analysis]]>
              </value>
            </param>
          </params>
          <reporter-output>
          </reporter-output>
        </test-method> <!-- MoveTasksToCompleted -->
        <test-method status="PASS" signature="MoveTasksToCompleted(java.lang.String, java.lang.String, java.lang.String)[pri:5, instance:com.automation.testScripts.TC_UsingExcel@5b275dab]" name="MoveTasksToCompleted" duration-ms="2" started-at="2017-08-15T00:46:31Z" data-provider="enterTask" finished-at="2017-08-15T00:46:31Z">
          <params>
            <param index="0">
              <value>
                <![CDATA[TC_05]]>
              </value>
            </param>
            <param index="1">
              <value>
                <![CDATA[Integration Testing]]>
              </value>
            </param>
            <param index="2">
              <value>
                <![CDATA[]]>
              </value>
            </param>
          </params>
          <reporter-output>
          </reporter-output>
        </test-method> <!-- MoveTasksToCompleted -->
        <test-method status="PASS" signature="MoveTasksToCompleted(java.lang.String, java.lang.String, java.lang.String)[pri:5, instance:com.automation.testScripts.TC_UsingExcel@5b275dab]" name="MoveTasksToCompleted" duration-ms="2" started-at="2017-08-15T00:46:31Z" data-provider="enterTask" finished-at="2017-08-15T00:46:31Z">
          <params>
            <param index="0">
              <value>
                <![CDATA[TC_06]]>
              </value>
            </param>
            <param index="1">
              <value>
                <![CDATA[System Testing]]>
              </value>
            </param>
            <param index="2">
              <value>
                <![CDATA[]]>
              </value>
            </param>
          </params>
          <reporter-output>
          </reporter-output>
        </test-method> <!-- MoveTasksToCompleted -->
        <test-method status="PASS" signature="ClearCompletedTasks()[pri:6, instance:com.automation.testScripts.TC_UsingExcel@5b275dab]" name="ClearCompletedTasks" duration-ms="40503" started-at="2017-08-15T00:46:31Z" finished-at="2017-08-15T00:47:12Z">
          <reporter-output>
          </reporter-output>
        </test-method> <!-- ClearCompletedTasks -->
      </class> <!-- com.automation.testScripts.TC_UsingExcel -->
    </test> <!-- Default test -->
  </suite> <!-- Default suite -->
</testng-results>
